<?xml version="1.0" encoding="UTF-8"?>
<beans xmlns="http://www.springframework.org/schema/beans"
	xmlns:xsi="http://www.w3.org/2001/XMLSchema-instance"
	xmlns:context="http://www.springframework.org/schema/context"
	xmlns:util="http://www.springframework.org/schema/util"
	xmlns:jee="http://www.springframework.org/schema/jee"
	xmlns:mvc="http://www.springframework.org/schema/mvc"
	xsi:schemaLocation="http://www.springframework.org/schema/beans http://www.springframework.org/schema/beans/spring-beans.xsd
				http://www.springframework.org/schema/context http://www.springframework.org/schema/context/spring-context.xsd				
				http://www.springframework.org/schema/jee http://www.springframework.org/schema/jee/spring-jee.xsd
				http://www.springframework.org/schema/util http://www.springframework.org/schema/util/spring-util.xsd
				http://www.springframework.org/schema/mvc http://www.springframework.org/schema/mvc/spring-mvc.xsd">

	<bean id="pluginScriptsPath" class="java.lang.String">
		<constructor-arg value="target/tmp" />
	</bean>

	<bean id="socketPoolFactoryReaderStub"
		class="com.hpe.iot.dc.tcp.web.plugin.monitor.SocketPoolFactoryReaderStub" />


</beans>
